<!DOCTYPE html PUBLIC "-//W3C//DTD XHTML 1.1//EN" "http://www.w3.org/TR/xhtml11/DTD/xhtml11.dtd">
<html xmlns="http://www.w3.org/1999/xhtml"><head><title>TestNG Report</title><style type="text/css">table {margin-bottom:10px;border-collapse:collapse;empty-cells:show}th,td {border:1px solid #009;padding:.25em .5em}th {vertical-align:bottom}td {vertical-align:top}table a {font-weight:bold}.stripe td {background-color: #E6EBF9}.num {text-align:right}.passedodd td {background-color: #3F3}.passedeven td {background-color: #0A0}.skippedodd td {background-color: #DDD}.skippedeven td {background-color: #CCC}.failedodd td,.attn {background-color: #F33}.failedeven td,.stripe .attn {background-color: #D00}.stacktrace {white-space:pre;font-family:monospace}.totop {font-size:85%;text-align:center;border-bottom:2px solid #000}</style></head><body><table><tr><th>Test</th><th># Passed</th><th># Skipped</th><th># Failed</th><th>Time (ms)</th><th>Included Groups</th><th>Excluded Groups</th></tr><tr><th colspan="7">Suite</th></tr><tr><td><a href="#t0">Xbox</a></td><td class="num">3</td><td class="num">0</td><td class="num">0</td><td class="num">48,221</td><td></td><td></td></tr><tr class="stripe"><td><a href="#t1">Ps4</a></td><td class="num">2</td><td class="num">0</td><td class="num attn">1</td><td class="num">58,403</td><td></td><td></td></tr><tr><th>Total</th><th class="num">5</th><th class="num">0</th><th class="num attn">1</th><th class="num">106,624</th><th colspan="2"></th></tr></table><table id='summary'><thead><tr><th>Class</th><th>Method</th><th>Start</th><th>Time (ms)</th></tr></thead><tbody><tr><th colspan="4">Suite</th></tr></tbody><tbody id="t0"><tr><th colspan="4">Xbox &#8212; passed</th></tr><tr class="passedeven"><td rowspan="3">com.w2a.suite.purchaseset1.testcase.purchaseXbox</td><td><a href="#m0">purchasexbox</a></td><td rowspan="3">1590228283692</td><td rowspan="3">29802</td></tr><tr class="passedeven"><td><a href="#m1">purchasexbox</a></td></tr><tr class="passedeven"><td><a href="#m2">purchasexbox</a></td></tr></tbody><tbody id="t1"><tr><th colspan="4">Ps4 &#8212; failed</th></tr><tr class="failedeven"><td rowspan="1">com.w2a.suite.purchaseset1.testcase.PurchasePs4</td><td><a href="#m3">purchaseps4</a></td><td rowspan="1">1590228283692</td><td rowspan="1">13892</td></tr><tr><th colspan="4">Ps4 &#8212; passed</th></tr><tr class="passedeven"><td rowspan="2">com.w2a.suite.purchaseset1.testcase.PurchasePs4</td><td><a href="#m4">purchaseps4</a></td><td rowspan="2">1590228283692</td><td rowspan="2">36648</td></tr><tr class="passedeven"><td><a href="#m5">purchaseps4</a></td></tr></tbody></table><h2>Xbox</h2><h3 id="m0">com.w2a.suite.purchaseset1.testcase.purchaseXbox#purchasexbox</h3><table class="result"><tr class="param"><th>Parameter #1</th></tr><tr class="param stripe"><td>{choice=XBOX, browser=chrome, email=noa@gmail.com, name=noa, runmode=y}</td></tr></table><p class="totop"><a href="#summary">back to summary</a></p><h3 id="m1">com.w2a.suite.purchaseset1.testcase.purchaseXbox#purchasexbox</h3><table class="result"><tr class="param"><th>Parameter #1</th></tr><tr class="param stripe"><td>{choice=XBOX, browser=firefox, email=roni@gmail.com, name=roni, runmode=y}</td></tr></table><p class="totop"><a href="#summary">back to summary</a></p><h3 id="m2">com.w2a.suite.purchaseset1.testcase.purchaseXbox#purchasexbox</h3><table class="result"><tr class="param"><th>Parameter #1</th></tr><tr class="param stripe"><td>{choice=XBOX, browser=firefox, email=lili@gmail.com, name=lili, runmode=y}</td></tr></table><p class="totop"><a href="#summary">back to summary</a></p><h2>Ps4</h2><h3 id="m3">com.w2a.suite.purchaseset1.testcase.PurchasePs4#purchaseps4</h3><table class="result"><tr class="param"><th>Parameter #1</th></tr><tr class="param stripe"><td>{choice=XBOX, browser=chrome, email=noa@gmail.com, name=noa, runmode=y}</td></tr><tr><th>Exception</th></tr><tr><td><div class="stacktrace">org.openqa.selenium.WebDriverException: unknown error: Element is not clickable at point (422, 307). Other element would receive the click: &lt;label&gt;...&lt;/label&gt;
  (Session info: chrome=53.0.2785.143)
  (Driver info: chromedriver=2.24.417424 (c5c5ea873213ee72e3d0929b47482681555340c3),platform=Linux 4.14.154-boot2docker x86_64) (WARNING: The server did not provide any stacktrace information)
Command duration or timeout: 347 milliseconds
Build info: version: &apos;2.53.1&apos;, revision: &apos;a36b8b1&apos;, time: &apos;2016-06-30 17:37:03&apos;
System info: host: &apos;f65d5296925f&apos;, ip: &apos;172.18.0.3&apos;, os.name: &apos;Linux&apos;, os.arch: &apos;amd64&apos;, os.version: &apos;4.14.154-boot2docker&apos;, java.version: &apos;1.8.0_91&apos;
Driver info: org.openqa.selenium.chrome.ChromeDriver
Capabilities [{applicationCacheEnabled=false, rotatable=false, mobileEmulationEnabled=false, networkConnectionEnabled=false, chrome={chromedriverVersion=2.24.417424 (c5c5ea873213ee72e3d0929b47482681555340c3), userDataDir=/tmp/.org.chromium.Chromium.4DP0gC}, takesHeapSnapshot=true, pageLoadStrategy=normal, databaseEnabled=false, handlesAlerts=true, hasTouchScreen=false, version=53.0.2785.143, platform=LINUX, browserConnectionEnabled=false, nativeEvents=true, acceptSslCerts=true, locationContextEnabled=true, webStorageEnabled=true, browserName=chrome, takesScreenshot=true, javascriptEnabled=true, cssSelectorsEnabled=true}]
Session ID: 8e9cfc031785c76108a1b82eeaa91d43
Command duration or timeout: 2.74 seconds
Build info: version: &apos;2.53.1&apos;, revision: &apos;a36b8b1cd5757287168e54b817830adce9b0158d&apos;, time: &apos;2016-06-30 19:26:09&apos;
System info: host: &apos;noa&apos;, ip: &apos;192.168.99.1&apos;, os.name: &apos;Windows 8.1&apos;, os.arch: &apos;amd64&apos;, os.version: &apos;6.3&apos;, java.version: &apos;13.0.1&apos;
Driver info: org.openqa.selenium.remote.RemoteWebDriver
Capabilities [{applicationCacheEnabled=false, rotatable=false, mobileEmulationEnabled=false, networkConnectionEnabled=false, chrome={chromedriverVersion=2.24.417424 (c5c5ea873213ee72e3d0929b47482681555340c3), userDataDir=/tmp/.org.chromium.Chromium.4DP0gC}, takesHeapSnapshot=true, pageLoadStrategy=normal, databaseEnabled=false, handlesAlerts=true, hasTouchScreen=false, version=53.0.2785.143, platform=LINUX, browserConnectionEnabled=false, nativeEvents=true, acceptSslCerts=true, webdriver.remote.sessionid=41e9ff7c-08f5-4a10-bad1-c55c185b8240, locationContextEnabled=true, webStorageEnabled=true, browserName=chrome, takesScreenshot=true, javascriptEnabled=true, cssSelectorsEnabled=true}]
Session ID: 41e9ff7c-08f5-4a10-bad1-c55c185b8240
	at org.openqa.selenium.remote.ErrorHandler.createThrowable(ErrorHandler.java:206)
	at org.openqa.selenium.remote.ErrorHandler.throwIfResponseFailed(ErrorHandler.java:158)
	at org.openqa.selenium.remote.RemoteWebDriver.execute(RemoteWebDriver.java:678)
	at org.openqa.selenium.remote.RemoteWebElement.execute(RemoteWebElement.java:327)
	at org.openqa.selenium.remote.RemoteWebElement.click(RemoteWebElement.java:85)
	at com.w2a.base.TestBase.click(TestBase.java:111)
	at com.w2a.suite.purchaseset1.testcase.PurchasePs4.purchaseps4(PurchasePs4.java:41)
	at java.base/java.util.concurrent.FutureTask.run(FutureTask.java:264)
	at java.base/java.util.concurrent.Executors$RunnableAdapter.call(Executors.java:515)
	at java.base/java.util.concurrent.FutureTask.run(FutureTask.java:264)
	at java.base/java.util.concurrent.ThreadPoolExecutor.runWorker(ThreadPoolExecutor.java:1128)
	at java.base/java.util.concurrent.ThreadPoolExecutor$Worker.run(ThreadPoolExecutor.java:628)
	at java.base/java.lang.Thread.run(Thread.java:830)
Caused by: org.openqa.selenium.remote.ScreenshotException: Screen shot has been taken
Build info: version: &apos;2.53.1&apos;, revision: &apos;a36b8b1cd5757287168e54b817830adce9b0158d&apos;, time: &apos;2016-06-30 19:26:09&apos;
System info: host: &apos;noa&apos;, ip: &apos;192.168.99.1&apos;, os.name: &apos;Windows 8.1&apos;, os.arch: &apos;amd64&apos;, os.version: &apos;6.3&apos;, java.version: &apos;13.0.1&apos;
Driver info: driver.version: RemoteWebDriver
	at org.openqa.selenium.remote.ErrorHandler.throwIfResponseFailed(ErrorHandler.java:138)
	... 20 more
Caused by: org.openqa.selenium.WebDriverException: unknown error: Element is not clickable at point (422, 307). Other element would receive the click: &lt;label&gt;...&lt;/label&gt;
  (Session info: chrome=53.0.2785.143)
  (Driver info: chromedriver=2.24.417424 (c5c5ea873213ee72e3d0929b47482681555340c3),platform=Linux 4.14.154-boot2docker x86_64) (WARNING: The server did not provide any stacktrace information)
Command duration or timeout: 347 milliseconds
Build info: version: &apos;2.53.1&apos;, revision: &apos;a36b8b1&apos;, time: &apos;2016-06-30 17:37:03&apos;
System info: host: &apos;f65d5296925f&apos;, ip: &apos;172.18.0.3&apos;, os.name: &apos;Linux&apos;, os.arch: &apos;amd64&apos;, os.version: &apos;4.14.154-boot2docker&apos;, java.version: &apos;1.8.0_91&apos;
Driver info: org.openqa.selenium.chrome.ChromeDriver
Capabilities [{applicationCacheEnabled=false, rotatable=false, mobileEmulationEnabled=false, networkConnectionEnabled=false, chrome={chromedriverVersion=2.24.417424 (c5c5ea873213ee72e3d0929b47482681555340c3), userDataDir=/tmp/.org.chromium.Chromium.4DP0gC}, takesHeapSnapshot=true, pageLoadStrategy=normal, databaseEnabled=false, handlesAlerts=true, hasTouchScreen=false, version=53.0.2785.143, platform=LINUX, browserConnectionEnabled=false, nativeEvents=true, acceptSslCerts=true, locationContextEnabled=true, webStorageEnabled=true, browserName=chrome, takesScreenshot=true, javascriptEnabled=true, cssSelectorsEnabled=true}]
Session ID: 8e9cfc031785c76108a1b82eeaa91d43
Build info: version: &apos;2.53.1&apos;, revision: &apos;a36b8b1cd5757287168e54b817830adce9b0158d&apos;, time: &apos;2016-06-30 19:26:09&apos;
System info: host: &apos;noa&apos;, ip: &apos;192.168.99.1&apos;, os.name: &apos;Windows 8.1&apos;, os.arch: &apos;amd64&apos;, os.version: &apos;6.3&apos;, java.version: &apos;13.0.1&apos;
Driver info: driver.version: RemoteWebDriver
	at org.openqa.selenium.remote.ErrorHandler.createThrowable(ErrorHandler.java:206)
	at org.openqa.selenium.remote.ErrorHandler.throwIfResponseFailed(ErrorHandler.java:158)
	at org.openqa.selenium.remote.RemoteWebDriver.execute(RemoteWebDriver.java:678)
	at org.openqa.selenium.remote.RemoteWebElement.execute(RemoteWebElement.java:327)
	at org.openqa.selenium.remote.RemoteWebElement.click(RemoteWebElement.java:85)
	at org.openqa.selenium.support.events.EventFiringWebDriver$EventFiringWebElement$1.invoke(EventFiringWebDriver.java:335)
	at com.sun.proxy.$Proxy2.click(Unknown Source)
	at org.openqa.selenium.support.events.EventFiringWebDriver$EventFiringWebElement.click(EventFiringWebDriver.java:348)
	at org.openqa.selenium.remote.server.KnownElements$1.invoke(KnownElements.java:64)
	at com.sun.proxy.$Proxy3.click(Unknown Source)
	at org.openqa.selenium.remote.server.handler.ClickElement.call(ClickElement.java:30)
	at org.openqa.selenium.remote.server.handler.ClickElement.call(ClickElement.java:1)
	at java.util.concurrent.FutureTask.run(FutureTask.java:266)
	at org.openqa.selenium.remote.server.DefaultSession$1.run(DefaultSession.java:176)
	at java.util.concurrent.ThreadPoolExecutor.runWorker(ThreadPoolExecutor.java:1142)
	at java.util.concurrent.ThreadPoolExecutor$Worker.run(ThreadPoolExecutor.java:617)
	at java.lang.Thread.run(Thread.java:745)
... Removed 24 stack frames</div></td></tr></table><p class="totop"><a href="#summary">back to summary</a></p><h3 id="m4">com.w2a.suite.purchaseset1.testcase.PurchasePs4#purchaseps4</h3><table class="result"><tr class="param"><th>Parameter #1</th></tr><tr class="param stripe"><td>{choice=XBOX, browser=firefox, email=lili@gmail.com, name=lili, runmode=y}</td></tr></table><p class="totop"><a href="#summary">back to summary</a></p><h3 id="m5">com.w2a.suite.purchaseset1.testcase.PurchasePs4#purchaseps4</h3><table class="result"><tr class="param"><th>Parameter #1</th></tr><tr class="param stripe"><td>{choice=XBOX, browser=firefox, email=roni@gmail.com, name=roni, runmode=y}</td></tr></table><p class="totop"><a href="#summary">back to summary</a></p></body></html>