<?xml version="1.0" encoding="UTF-8"?>
<testng-results ignored="0" total="6" passed="5" failed="1" skipped="0">
  <reporter-output>
  </reporter-output>
  <suite started-at="2020-05-23T10:04:42Z" name="Suite" finished-at="2020-05-23T10:05:40Z" duration-ms="58403">
    <groups>
    </groups>
    <test started-at="2020-05-23T10:04:42Z" name="Xbox" finished-at="2020-05-23T10:05:30Z" duration-ms="48221">
      <class name="com.w2a.suite.purchaseset1.testcase.purchaseXbox">
        <test-method signature="purchasexbox(java.util.Hashtable)[pri:0, instance:com.w2a.suite.purchaseset1.testcase.purchaseXbox@5b1669c0]" started-at="2020-05-23T13:04:43Z" name="purchasexbox" data-provider="purchase" finished-at="2020-05-23T13:05:13Z" duration-ms="29802" status="PASS">
          <params>
            <param index="0">
              <value>
                <![CDATA[{choice=XBOX, browser=chrome, email=noa@gmail.com, name=noa, runmode=y}]]>
              </value>
            </param>
          </params>
          <reporter-output>
          </reporter-output>
        </test-method> <!-- purchasexbox -->
        <test-method signature="purchasexbox(java.util.Hashtable)[pri:0, instance:com.w2a.suite.purchaseset1.testcase.purchaseXbox@5b1669c0]" started-at="2020-05-23T13:04:43Z" name="purchasexbox" data-provider="purchase" finished-at="2020-05-23T13:05:30Z" duration-ms="46900" status="PASS">
          <params>
            <param index="0">
              <value>
                <![CDATA[{choice=XBOX, browser=firefox, email=roni@gmail.com, name=roni, runmode=y}]]>
              </value>
            </param>
          </params>
          <reporter-output>
          </reporter-output>
        </test-method> <!-- purchasexbox -->
        <test-method signature="purchasexbox(java.util.Hashtable)[pri:0, instance:com.w2a.suite.purchaseset1.testcase.purchaseXbox@5b1669c0]" started-at="2020-05-23T13:04:43Z" name="purchasexbox" data-provider="purchase" finished-at="2020-05-23T13:05:04Z" duration-ms="20692" status="PASS">
          <params>
            <param index="0">
              <value>
                <![CDATA[{choice=XBOX, browser=firefox, email=lili@gmail.com, name=lili, runmode=y}]]>
              </value>
            </param>
          </params>
          <reporter-output>
          </reporter-output>
        </test-method> <!-- purchasexbox -->
        <test-method is-config="true" signature="endUp()[pri:0, instance:com.w2a.suite.purchaseset1.testcase.purchaseXbox@5b1669c0]" started-at="2020-05-23T13:05:04Z" name="endUp" finished-at="2020-05-23T13:05:04Z" duration-ms="459" status="PASS">
          <reporter-output>
          </reporter-output>
        </test-method> <!-- endUp -->
        <test-method is-config="true" signature="endUp()[pri:0, instance:com.w2a.suite.purchaseset1.testcase.purchaseXbox@5b1669c0]" started-at="2020-05-23T13:05:13Z" name="endUp" finished-at="2020-05-23T13:05:13Z" duration-ms="289" status="PASS">
          <reporter-output>
          </reporter-output>
        </test-method> <!-- endUp -->
        <test-method is-config="true" signature="endUp()[pri:0, instance:com.w2a.suite.purchaseset1.testcase.purchaseXbox@5b1669c0]" started-at="2020-05-23T13:05:30Z" name="endUp" finished-at="2020-05-23T13:05:30Z" duration-ms="178" status="PASS">
          <reporter-output>
          </reporter-output>
        </test-method> <!-- endUp -->
      </class> <!-- com.w2a.suite.purchaseset1.testcase.purchaseXbox -->
    </test> <!-- Xbox -->
    <test started-at="2020-05-23T10:04:42Z" name="Ps4" finished-at="2020-05-23T10:05:40Z" duration-ms="58403">
      <class name="com.w2a.suite.purchaseset1.testcase.PurchasePs4">
        <test-method signature="purchaseps4(java.util.Hashtable)[pri:0, instance:com.w2a.suite.purchaseset1.testcase.PurchasePs4@795509d9]" started-at="2020-05-23T13:04:43Z" name="purchaseps4" data-provider="purchase" finished-at="2020-05-23T13:05:20Z" duration-ms="36648" status="PASS">
          <params>
            <param index="0">
              <value>
                <![CDATA[{choice=XBOX, browser=firefox, email=lili@gmail.com, name=lili, runmode=y}]]>
              </value>
            </param>
          </params>
          <reporter-output>
          </reporter-output>
        </test-method> <!-- purchaseps4 -->
        <test-method signature="purchaseps4(java.util.Hashtable)[pri:0, instance:com.w2a.suite.purchaseset1.testcase.PurchasePs4@795509d9]" started-at="2020-05-23T13:04:43Z" name="purchaseps4" data-provider="purchase" finished-at="2020-05-23T13:05:40Z" duration-ms="57098" status="PASS">
          <params>
            <param index="0">
              <value>
                <![CDATA[{choice=XBOX, browser=firefox, email=roni@gmail.com, name=roni, runmode=y}]]>
              </value>
            </param>
          </params>
          <reporter-output>
          </reporter-output>
        </test-method> <!-- purchaseps4 -->
        <test-method signature="purchaseps4(java.util.Hashtable)[pri:0, instance:com.w2a.suite.purchaseset1.testcase.PurchasePs4@795509d9]" started-at="2020-05-23T13:04:43Z" name="purchaseps4" data-provider="purchase" finished-at="2020-05-23T13:04:57Z" duration-ms="13892" status="FAIL">
          <params>
            <param index="0">
              <value>
                <![CDATA[{choice=XBOX, browser=chrome, email=noa@gmail.com, name=noa, runmode=y}]]>
              </value>
            </param>
          </params>
          <exception class="org.openqa.selenium.WebDriverException">
            <message>
              <![CDATA[unknown error: Element is not clickable at point (422, 307). Other element would receive the click: <label>...</label>
  (Session info: chrome=53.0.2785.143)
  (Driver info: chromedriver=2.24.417424 (c5c5ea873213ee72e3d0929b47482681555340c3),platform=Linux 4.14.154-boot2docker x86_64) (WARNING: The server did not provide any stacktrace information)
Command duration or timeout: 347 milliseconds
Build info: version: '2.53.1', revision: 'a36b8b1', time: '2016-06-30 17:37:03'
System info: host: 'f65d5296925f', ip: '172.18.0.3', os.name: 'Linux', os.arch: 'amd64', os.version: '4.14.154-boot2docker', java.version: '1.8.0_91'
Driver info: org.openqa.selenium.chrome.ChromeDriver
Capabilities [{applicationCacheEnabled=false, rotatable=false, mobileEmulationEnabled=false, networkConnectionEnabled=false, chrome={chromedriverVersion=2.24.417424 (c5c5ea873213ee72e3d0929b47482681555340c3), userDataDir=/tmp/.org.chromium.Chromium.4DP0gC}, takesHeapSnapshot=true, pageLoadStrategy=normal, databaseEnabled=false, handlesAlerts=true, hasTouchScreen=false, version=53.0.2785.143, platform=LINUX, browserConnectionEnabled=false, nativeEvents=true, acceptSslCerts=true, locationContextEnabled=true, webStorageEnabled=true, browserName=chrome, takesScreenshot=true, javascriptEnabled=true, cssSelectorsEnabled=true}]
Session ID: 8e9cfc031785c76108a1b82eeaa91d43
Command duration or timeout: 2.74 seconds
Build info: version: '2.53.1', revision: 'a36b8b1cd5757287168e54b817830adce9b0158d', time: '2016-06-30 19:26:09'
System info: host: 'noa', ip: '192.168.99.1', os.name: 'Windows 8.1', os.arch: 'amd64', os.version: '6.3', java.version: '13.0.1'
Driver info: org.openqa.selenium.remote.RemoteWebDriver
Capabilities [{applicationCacheEnabled=false, rotatable=false, mobileEmulationEnabled=false, networkConnectionEnabled=false, chrome={chromedriverVersion=2.24.417424 (c5c5ea873213ee72e3d0929b47482681555340c3), userDataDir=/tmp/.org.chromium.Chromium.4DP0gC}, takesHeapSnapshot=true, pageLoadStrategy=normal, databaseEnabled=false, handlesAlerts=true, hasTouchScreen=false, version=53.0.2785.143, platform=LINUX, browserConnectionEnabled=false, nativeEvents=true, acceptSslCerts=true, webdriver.remote.sessionid=41e9ff7c-08f5-4a10-bad1-c55c185b8240, locationContextEnabled=true, webStorageEnabled=true, browserName=chrome, takesScreenshot=true, javascriptEnabled=true, cssSelectorsEnabled=true}]
Session ID: 41e9ff7c-08f5-4a10-bad1-c55c185b8240]]>
            </message>
            <full-stacktrace>
              <![CDATA[org.openqa.selenium.WebDriverException: unknown error: Element is not clickable at point (422, 307). Other element would receive the click: <label>...</label>
  (Session info: chrome=53.0.2785.143)
  (Driver info: chromedriver=2.24.417424 (c5c5ea873213ee72e3d0929b47482681555340c3),platform=Linux 4.14.154-boot2docker x86_64) (WARNING: The server did not provide any stacktrace information)
Command duration or timeout: 347 milliseconds
Build info: version: '2.53.1', revision: 'a36b8b1', time: '2016-06-30 17:37:03'
System info: host: 'f65d5296925f', ip: '172.18.0.3', os.name: 'Linux', os.arch: 'amd64', os.version: '4.14.154-boot2docker', java.version: '1.8.0_91'
Driver info: org.openqa.selenium.chrome.ChromeDriver
Capabilities [{applicationCacheEnabled=false, rotatable=false, mobileEmulationEnabled=false, networkConnectionEnabled=false, chrome={chromedriverVersion=2.24.417424 (c5c5ea873213ee72e3d0929b47482681555340c3), userDataDir=/tmp/.org.chromium.Chromium.4DP0gC}, takesHeapSnapshot=true, pageLoadStrategy=normal, databaseEnabled=false, handlesAlerts=true, hasTouchScreen=false, version=53.0.2785.143, platform=LINUX, browserConnectionEnabled=false, nativeEvents=true, acceptSslCerts=true, locationContextEnabled=true, webStorageEnabled=true, browserName=chrome, takesScreenshot=true, javascriptEnabled=true, cssSelectorsEnabled=true}]
Session ID: 8e9cfc031785c76108a1b82eeaa91d43
Command duration or timeout: 2.74 seconds
Build info: version: '2.53.1', revision: 'a36b8b1cd5757287168e54b817830adce9b0158d', time: '2016-06-30 19:26:09'
System info: host: 'noa', ip: '192.168.99.1', os.name: 'Windows 8.1', os.arch: 'amd64', os.version: '6.3', java.version: '13.0.1'
Driver info: org.openqa.selenium.remote.RemoteWebDriver
Capabilities [{applicationCacheEnabled=false, rotatable=false, mobileEmulationEnabled=false, networkConnectionEnabled=false, chrome={chromedriverVersion=2.24.417424 (c5c5ea873213ee72e3d0929b47482681555340c3), userDataDir=/tmp/.org.chromium.Chromium.4DP0gC}, takesHeapSnapshot=true, pageLoadStrategy=normal, databaseEnabled=false, handlesAlerts=true, hasTouchScreen=false, version=53.0.2785.143, platform=LINUX, browserConnectionEnabled=false, nativeEvents=true, acceptSslCerts=true, webdriver.remote.sessionid=41e9ff7c-08f5-4a10-bad1-c55c185b8240, locationContextEnabled=true, webStorageEnabled=true, browserName=chrome, takesScreenshot=true, javascriptEnabled=true, cssSelectorsEnabled=true}]
Session ID: 41e9ff7c-08f5-4a10-bad1-c55c185b8240
	at java.base/jdk.internal.reflect.NativeConstructorAccessorImpl.newInstance0(Native Method)
	at java.base/jdk.internal.reflect.NativeConstructorAccessorImpl.newInstance(NativeConstructorAccessorImpl.java:62)
	at java.base/jdk.internal.reflect.DelegatingConstructorAccessorImpl.newInstance(DelegatingConstructorAccessorImpl.java:45)
	at java.base/java.lang.reflect.Constructor.newInstanceWithCaller(Constructor.java:500)
	at java.base/java.lang.reflect.Constructor.newInstance(Constructor.java:481)
	at org.openqa.selenium.remote.ErrorHandler.createThrowable(ErrorHandler.java:206)
	at org.openqa.selenium.remote.ErrorHandler.throwIfResponseFailed(ErrorHandler.java:158)
	at org.openqa.selenium.remote.RemoteWebDriver.execute(RemoteWebDriver.java:678)
	at org.openqa.selenium.remote.RemoteWebElement.execute(RemoteWebElement.java:327)
	at org.openqa.selenium.remote.RemoteWebElement.click(RemoteWebElement.java:85)
	at com.w2a.base.TestBase.click(TestBase.java:111)
	at com.w2a.suite.purchaseset1.testcase.PurchasePs4.purchaseps4(PurchasePs4.java:41)
	at java.base/jdk.internal.reflect.NativeMethodAccessorImpl.invoke0(Native Method)
	at java.base/jdk.internal.reflect.NativeMethodAccessorImpl.invoke(NativeMethodAccessorImpl.java:62)
	at java.base/jdk.internal.reflect.DelegatingMethodAccessorImpl.invoke(DelegatingMethodAccessorImpl.java:43)
	at java.base/java.lang.reflect.Method.invoke(Method.java:567)
	at org.testng.internal.MethodInvocationHelper.invokeMethod(MethodInvocationHelper.java:108)
	at org.testng.internal.Invoker.invokeMethod(Invoker.java:661)
	at org.testng.internal.Invoker.invokeTestMethod(Invoker.java:869)
	at org.testng.internal.TestMethodWithDataProviderMethodWorker.call(TestMethodWithDataProviderMethodWorker.java:75)
	at org.testng.internal.TestMethodWithDataProviderMethodWorker.call(TestMethodWithDataProviderMethodWorker.java:14)
	at java.base/java.util.concurrent.FutureTask.run(FutureTask.java:264)
	at java.base/java.util.concurrent.Executors$RunnableAdapter.call(Executors.java:515)
	at java.base/java.util.concurrent.FutureTask.run(FutureTask.java:264)
	at java.base/java.util.concurrent.ThreadPoolExecutor.runWorker(ThreadPoolExecutor.java:1128)
	at java.base/java.util.concurrent.ThreadPoolExecutor$Worker.run(ThreadPoolExecutor.java:628)
	at java.base/java.lang.Thread.run(Thread.java:830)
Caused by: org.openqa.selenium.remote.ScreenshotException: Screen shot has been taken
Build info: version: '2.53.1', revision: 'a36b8b1cd5757287168e54b817830adce9b0158d', time: '2016-06-30 19:26:09'
System info: host: 'noa', ip: '192.168.99.1', os.name: 'Windows 8.1', os.arch: 'amd64', os.version: '6.3', java.version: '13.0.1'
Driver info: driver.version: RemoteWebDriver
	at org.openqa.selenium.remote.ErrorHandler.throwIfResponseFailed(ErrorHandler.java:138)
	... 20 more
Caused by: org.openqa.selenium.WebDriverException: unknown error: Element is not clickable at point (422, 307). Other element would receive the click: <label>...</label>
  (Session info: chrome=53.0.2785.143)
  (Driver info: chromedriver=2.24.417424 (c5c5ea873213ee72e3d0929b47482681555340c3),platform=Linux 4.14.154-boot2docker x86_64) (WARNING: The server did not provide any stacktrace information)
Command duration or timeout: 347 milliseconds
Build info: version: '2.53.1', revision: 'a36b8b1', time: '2016-06-30 17:37:03'
System info: host: 'f65d5296925f', ip: '172.18.0.3', os.name: 'Linux', os.arch: 'amd64', os.version: '4.14.154-boot2docker', java.version: '1.8.0_91'
Driver info: org.openqa.selenium.chrome.ChromeDriver
Capabilities [{applicationCacheEnabled=false, rotatable=false, mobileEmulationEnabled=false, networkConnectionEnabled=false, chrome={chromedriverVersion=2.24.417424 (c5c5ea873213ee72e3d0929b47482681555340c3), userDataDir=/tmp/.org.chromium.Chromium.4DP0gC}, takesHeapSnapshot=true, pageLoadStrategy=normal, databaseEnabled=false, handlesAlerts=true, hasTouchScreen=false, version=53.0.2785.143, platform=LINUX, browserConnectionEnabled=false, nativeEvents=true, acceptSslCerts=true, locationContextEnabled=true, webStorageEnabled=true, browserName=chrome, takesScreenshot=true, javascriptEnabled=true, cssSelectorsEnabled=true}]
Session ID: 8e9cfc031785c76108a1b82eeaa91d43
Build info: version: '2.53.1', revision: 'a36b8b1cd5757287168e54b817830adce9b0158d', time: '2016-06-30 19:26:09'
System info: host: 'noa', ip: '192.168.99.1', os.name: 'Windows 8.1', os.arch: 'amd64', os.version: '6.3', java.version: '13.0.1'
Driver info: driver.version: RemoteWebDriver
	at sun.reflect.NativeConstructorAccessorImpl.newInstance0(Native Method)
	at sun.reflect.NativeConstructorAccessorImpl.newInstance(NativeConstructorAccessorImpl.java:62)
	at sun.reflect.DelegatingConstructorAccessorImpl.newInstance(DelegatingConstructorAccessorImpl.java:45)
	at java.lang.reflect.Constructor.newInstance(Constructor.java:423)
	at org.openqa.selenium.remote.ErrorHandler.createThrowable(ErrorHandler.java:206)
	at org.openqa.selenium.remote.ErrorHandler.throwIfResponseFailed(ErrorHandler.java:158)
	at org.openqa.selenium.remote.RemoteWebDriver.execute(RemoteWebDriver.java:678)
	at org.openqa.selenium.remote.RemoteWebElement.execute(RemoteWebElement.java:327)
	at org.openqa.selenium.remote.RemoteWebElement.click(RemoteWebElement.java:85)
	at sun.reflect.GeneratedMethodAccessor9.invoke(Unknown Source)
	at sun.reflect.DelegatingMethodAccessorImpl.invoke(DelegatingMethodAccessorImpl.java:43)
	at java.lang.reflect.Method.invoke(Method.java:498)
	at org.openqa.selenium.support.events.EventFiringWebDriver$EventFiringWebElement$1.invoke(EventFiringWebDriver.java:335)
	at com.sun.proxy.$Proxy2.click(Unknown Source)
	at org.openqa.selenium.support.events.EventFiringWebDriver$EventFiringWebElement.click(EventFiringWebDriver.java:348)
	at sun.reflect.GeneratedMethodAccessor9.invoke(Unknown Source)
	at sun.reflect.DelegatingMethodAccessorImpl.invoke(DelegatingMethodAccessorImpl.java:43)
	at java.lang.reflect.Method.invoke(Method.java:498)
	at org.openqa.selenium.remote.server.KnownElements$1.invoke(KnownElements.java:64)
	at com.sun.proxy.$Proxy3.click(Unknown Source)
	at org.openqa.selenium.remote.server.handler.ClickElement.call(ClickElement.java:30)
	at org.openqa.selenium.remote.server.handler.ClickElement.call(ClickElement.java:1)
	at java.util.concurrent.FutureTask.run(FutureTask.java:266)
	at org.openqa.selenium.remote.server.DefaultSession$1.run(DefaultSession.java:176)
	at java.util.concurrent.ThreadPoolExecutor.runWorker(ThreadPoolExecutor.java:1142)
	at java.util.concurrent.ThreadPoolExecutor$Worker.run(ThreadPoolExecutor.java:617)
	at java.lang.Thread.run(Thread.java:745)
]]>
            </full-stacktrace>
          </exception> <!-- org.openqa.selenium.WebDriverException -->
          <reporter-output>
          </reporter-output>
        </test-method> <!-- purchaseps4 -->
        <test-method is-config="true" signature="endUp()[pri:0, instance:com.w2a.suite.purchaseset1.testcase.PurchasePs4@795509d9]" started-at="2020-05-23T13:04:57Z" name="endUp" finished-at="2020-05-23T13:04:58Z" duration-ms="587" status="PASS">
          <reporter-output>
          </reporter-output>
        </test-method> <!-- endUp -->
        <test-method is-config="true" signature="endUp()[pri:0, instance:com.w2a.suite.purchaseset1.testcase.PurchasePs4@795509d9]" started-at="2020-05-23T13:05:20Z" name="endUp" finished-at="2020-05-23T13:05:20Z" duration-ms="222" status="PASS">
          <reporter-output>
          </reporter-output>
        </test-method> <!-- endUp -->
        <test-method is-config="true" signature="endUp()[pri:0, instance:com.w2a.suite.purchaseset1.testcase.PurchasePs4@795509d9]" started-at="2020-05-23T13:05:40Z" name="endUp" finished-at="2020-05-23T13:05:40Z" duration-ms="164" status="PASS">
          <reporter-output>
          </reporter-output>
        </test-method> <!-- endUp -->
      </class> <!-- com.w2a.suite.purchaseset1.testcase.PurchasePs4 -->
    </test> <!-- Ps4 -->
  </suite> <!-- Suite -->
</testng-results>
